<?xml version="1.0" encoding="UTF-8"?>
<!-- Generated by org.testng.reporters.JUnitReportReporter -->
<testsuite hostname="CERN-RE041943" name="gmailtest.NewTest" tests="1" failures="0" timestamp="11 Nov 2015 09:19:46 GMT" time="28.651" errors="0">
  <testcase name="gmailtest" time="28.651" classname="gmailtest.NewTest"/>
</testsuite> <!-- gmailtest.NewTest -->
